<?xml version="1.0" encoding="UTF-8"?>
<testsuite name="movierental.CustomerTest" tests="1" skipped="0" failures="0" errors="0" timestamp="2025-02-07T11:04:53" hostname="ORDI-MATHIEU" time="0.035">
  <properties/>
  <testcase name="test()" classname="movierental.CustomerTest" time="0.035"/>
  <system-out><![CDATA[]]></system-out>
  <system-err><![CDATA[]]></system-err>
</testsuite>
